<?xml version="1.0" encoding="UTF-8"?>
<testng-results ignored="0" total="2" passed="2" failed="0" skipped="0">
  <reporter-output>
  </reporter-output>
  <suite started-at="2023-07-25T14:26:34 IST" name="Suite" finished-at="2023-07-25T14:26:52 IST" duration-ms="18123">
    <groups>
      <group name="Sanity">
        <method signature="VwoLogin.TestInvalidLogin()[pri:1, instance:Pramod.TheTestingAcademy.VwoLogin@a4add54]" name="TestInvalidLogin" class="Pramod.TheTestingAcademy.VwoLogin"/>
      </group> <!-- Sanity -->
      <group name="Negative">
        <method signature="VwoLogin.TestInvalidLogin()[pri:1, instance:Pramod.TheTestingAcademy.VwoLogin@a4add54]" name="TestInvalidLogin" class="Pramod.TheTestingAcademy.VwoLogin"/>
      </group> <!-- Negative -->
      <group name="Positive">
        <method signature="VwoLogin.TestValidLogin()[pri:2, instance:Pramod.TheTestingAcademy.VwoLogin@a4add54]" name="TestValidLogin" class="Pramod.TheTestingAcademy.VwoLogin"/>
      </group> <!-- Positive -->
      <group name="Smoke">
        <method signature="VwoLogin.TestValidLogin()[pri:2, instance:Pramod.TheTestingAcademy.VwoLogin@a4add54]" name="TestValidLogin" class="Pramod.TheTestingAcademy.VwoLogin"/>
      </group> <!-- Smoke -->
    </groups>
    <test started-at="2023-07-25T14:26:34 IST" name="Test" finished-at="2023-07-25T14:26:52 IST" duration-ms="18123">
      <class name="Pramod.TheTestingAcademy.VwoLogin">
        <test-method is-config="true" signature="setUp()[pri:0, instance:Pramod.TheTestingAcademy.VwoLogin@a4add54]" started-at="2023-07-25T14:26:31 IST" name="setUp" finished-at="2023-07-25T14:26:34 IST" duration-ms="2782" status="PASS">
          <reporter-output>
          </reporter-output>
        </test-method> <!-- setUp -->
        <test-method signature="TestInvalidLogin()[pri:1, instance:Pramod.TheTestingAcademy.VwoLogin@a4add54]" started-at="2023-07-25T14:26:34 IST" name="TestInvalidLogin" finished-at="2023-07-25T14:26:46 IST" duration-ms="12020" status="PASS">
          <reporter-output>
          </reporter-output>
        </test-method> <!-- TestInvalidLogin -->
        <test-method signature="TestValidLogin()[pri:2, instance:Pramod.TheTestingAcademy.VwoLogin@a4add54]" started-at="2023-07-25T14:26:46 IST" name="TestValidLogin" finished-at="2023-07-25T14:26:52 IST" duration-ms="5857" status="PASS">
          <reporter-output>
          </reporter-output>
        </test-method> <!-- TestValidLogin -->
        <test-method is-config="true" signature="tearDown()[pri:0, instance:Pramod.TheTestingAcademy.VwoLogin@a4add54]" started-at="2023-07-25T14:26:52 IST" name="tearDown" finished-at="2023-07-25T14:26:52 IST" duration-ms="390" status="PASS">
          <reporter-output>
          </reporter-output>
        </test-method> <!-- tearDown -->
      </class> <!-- Pramod.TheTestingAcademy.VwoLogin -->
    </test> <!-- Test -->
  </suite> <!-- Suite -->
</testng-results>
